_HiStOrY_V2_
select\040name,\040duplicated\040from\040tabCRM\040Lead
select\040name,\040duplicated\040from\040tabCRM\040Lead;
select\040name,\040duplicated\040from\040tabCRM_Lead;
SELECT\040name,\040duplicated\040FROM\040`tabCRM\040Lead`;
SELECT\040event_type\040FROM\040`tabEvent`;
Delete\040event_type\040from\040`tabEvent`
Delete\040event_type\040from\040`tabEvent`;
Delete\040from\040`tabEvent`\040event_type;
ALTER\040TABLE\040table_name
DROP\040COLUMN\040column_name;
ALTER\040TABLE\040table_name\040DROP\040COLUMN\040column_name;
ALTER\040TABLE\040`tabEvent`\040\040DROP\040COLUMN\040event_type;
SELECT\040event_type\040FROM\040`tabEvent`;
commit
commit;
SELECT\040event_type\040FROM\040`tabEvent`;
ALTER\040TABLE\040`tabEvent`\040\040ADD\040COLUMN\040event_type\040varchar(140);
commit;
SELECT\040event_type\040FROM\040`tabEvent`;
SELECT\040name,\040duplicated\040FROM\040`tabCRM\040Lead`;
