set -o pipefail; /usr/bin/mariadb-dump --user=_ff146c3941d058c1 --host=127.0.0.1 --port=3306 --password=********** --single-transaction --quick --lock-tables=false _ff146c3941d058c1 | /usr/bin/gzip >> ./final.local/private/backups/20241113_000004-final_local-database.sql.gz

Backup Summary for final.local at 2024-11-13 00:00:07.476885
Config  : ./final.local/private/backups/20241113_000004-final_local-site_config_backup.json 151.0B
Database: ./final.local/private/backups/20241113_000004-final_local-database.sql.gz         1.4MiB
Backup for Site final.local has been successfully completed
set -o pipefail; /usr/bin/mariadb-dump --user=_ff146c3941d058c1 --host=127.0.0.1 --port=3306 --password=********** --single-transaction --quick --lock-tables=false _ff146c3941d058c1 | /usr/bin/gzip >> ./final.local/private/backups/20241113_180002-final_local-database.sql.gz

Backup Summary for final.local at 2024-11-13 18:00:05.041880
Config  : ./final.local/private/backups/20241113_180002-final_local-site_config_backup.json 173.0B
Database: ./final.local/private/backups/20241113_180002-final_local-database.sql.gz         1.4MiB
Backup for Site final.local has been successfully completed
set -o pipefail; /usr/bin/mariadb-dump --user=_ff146c3941d058c1 --host=127.0.0.1 --port=3306 --password=********** --single-transaction --quick --lock-tables=false _ff146c3941d058c1 | /usr/bin/gzip >> ./final.local/private/backups/20241114_000033-final_local-database.sql.gz

Backup Summary for final.local at 2024-11-14 00:00:40.966228
Config  : ./final.local/private/backups/20241114_000033-final_local-site_config_backup.json 173.0B
Database: ./final.local/private/backups/20241114_000033-final_local-database.sql.gz         1.4MiB
Backup for Site final.local has been successfully completed
set -o pipefail; /usr/bin/mariadb-dump --user=_ff146c3941d058c1 --host=127.0.0.1 --port=3306 --password=********** --single-transaction --quick --lock-tables=false _ff146c3941d058c1 | /usr/bin/gzip >> ./final.local/private/backups/20241114_180002-final_local-database.sql.gz

Backup Summary for final.local at 2024-11-14 18:00:05.787217
Config  : ./final.local/private/backups/20241114_180002-final_local-site_config_backup.json 173.0B
Database: ./final.local/private/backups/20241114_180002-final_local-database.sql.gz         1.5MiB
Backup for Site final.local has been successfully completed
set -o pipefail; /usr/bin/mariadb-dump --user=_ff146c3941d058c1 --host=127.0.0.1 --port=3306 --password=********** --single-transaction --quick --lock-tables=false _ff146c3941d058c1 | /usr/bin/gzip >> ./final.local/private/backups/20241118_180002-final_local-database.sql.gz

Backup Summary for final.local at 2024-11-18 18:00:04.576392
Config  : ./final.local/private/backups/20241118_180002-final_local-site_config_backup.json 173.0B
Database: ./final.local/private/backups/20241118_180002-final_local-database.sql.gz         1.7MiB
Backup for Site final.local has been successfully completed
set -o pipefail; /usr/bin/mariadb-dump --user=_ff146c3941d058c1 --host=127.0.0.1 --port=3306 --password=********** --single-transaction --quick --lock-tables=false _ff146c3941d058c1 | /usr/bin/gzip >> ./final.local/private/backups/20241119_180002-final_local-database.sql.gz

Backup Summary for final.local at 2024-11-19 18:00:04.971447
Config  : ./final.local/private/backups/20241119_180002-final_local-site_config_backup.json 240.0B
Database: ./final.local/private/backups/20241119_180002-final_local-database.sql.gz         1.8MiB
Backup for Site final.local has been successfully completed
set -o pipefail; /usr/bin/mariadb-dump --user=_ff146c3941d058c1 --host=127.0.0.1 --port=3306 --password=********** --single-transaction --quick --lock-tables=false _ff146c3941d058c1 | /usr/bin/gzip >> ./final.local/private/backups/20241120_120003-final_local-database.sql.gz

Backup Summary for final.local at 2024-11-20 12:00:08.623322
Config  : ./final.local/private/backups/20241120_120003-final_local-site_config_backup.json 240.0B
Database: ./final.local/private/backups/20241120_120003-final_local-database.sql.gz         1.8MiB
Backup for Site final.local has been successfully completed
