2024-11-19 18:53:02,865 WARNING database DDL Query made to DB:
ALTER TABLE `tabCRM Lead` ADD COLUMN `duplicated` int(1) not null default 0
2024-11-19 19:26:59,409 WARNING database DDL Query made to DB:
ALTER TABLE `tabCRM Lead` MODIFY `rating` decimal(3,2), MODIFY `annual_revenue` decimal(21,9) not null default 0, MODIFY `first_response_time` decimal(21,9), ADD UNIQUE INDEX IF NOT EXISTS email (`email`), ADD UNIQUE INDEX IF NOT EXISTS phone (`phone`)
2024-11-19 19:26:59,416 WARNING database DDL Query made to DB:
ALTER TABLE `tabCRM Lead` DROP INDEX `email`
2024-11-19 19:29:27,621 WARNING database DDL Query made to DB:
ALTER TABLE `tabCRM Lead` MODIFY `annual_revenue` decimal(21,9) not null default 0, MODIFY `first_response_time` decimal(21,9), MODIFY `rating` decimal(3,2), ADD UNIQUE INDEX IF NOT EXISTS email (`email`)
2024-11-19 19:31:50,719 WARNING database DDL Query made to DB:
ALTER TABLE `tabCRM Lead` MODIFY `first_response_time` decimal(21,9), MODIFY `rating` decimal(3,2), MODIFY `annual_revenue` decimal(21,9) not null default 0
2024-11-19 19:59:11,030 WARNING database DDL Query made to DB:
ALTER TABLE `tabCRM Lead` MODIFY `first_response_time` decimal(21,9), MODIFY `annual_revenue` decimal(21,9) not null default 0, MODIFY `rating` decimal(3,2)
2024-11-19 20:37:24,016 WARNING database DDL Query made to DB:
ALTER TABLE `tabCRM Lead` ADD COLUMN `workflow_state` varchar(140)
2024-11-19 20:37:24,021 WARNING database DDL Query made to DB:
ALTER TABLE `tabCRM Lead` MODIFY `first_response_time` decimal(21,9), MODIFY `annual_revenue` decimal(21,9) not null default 0, MODIFY `rating` decimal(3,2)
2024-11-19 21:25:24,660 WARNING database DDL Query made to DB:
ALTER TABLE `tabCRM Lead` MODIFY `annual_revenue` decimal(21,9) not null default 0, MODIFY `rating` decimal(3,2), MODIFY `first_response_time` decimal(21,9)
2024-11-19 22:14:30,178 WARNING database DDL Query made to DB:
alter table `tabDocType` add column if not exists migration_hash varchar(140)
2024-11-19 22:14:31,546 WARNING database DDL Query made to DB:
ALTER TABLE `tabPrint Heading` DROP INDEX `print_heading`
2024-11-19 22:14:34,568 WARNING database DDL Query made to DB:
ALTER TABLE `tabPrint Heading` ADD UNIQUE INDEX IF NOT EXISTS print_heading (`print_heading`)
2024-11-19 22:14:36,398 WARNING database DDL Query made to DB:
ALTER TABLE `tabUnit` MODIFY `carpet_area` decimal(21,9) not null default 0, MODIFY `rent` decimal(21,9) not null default 0, MODIFY `security_deposit` decimal(21,9) not null default 0, MODIFY `builtup_area` decimal(21,9) not null default 0
2024-11-19 22:14:36,845 WARNING database DDL Query made to DB:
ALTER TABLE `tabCRM Lead` MODIFY `first_response_time` decimal(21,9), MODIFY `rating` decimal(3,2), MODIFY `annual_revenue` decimal(21,9) not null default 0
2024-11-19 22:14:38,846 WARNING database DDL Query made to DB:
ALTER TABLE `tabVehicle Service` MODIFY `expense_amount` decimal(21,9) not null default 0
2024-11-19 22:14:39,209 WARNING database DDL Query made to DB:
ALTER TABLE `tabDelivery Note` MODIFY `rounding_adjustment` decimal(21,9) not null default 0, MODIFY `per_returned` decimal(21,9) not null default 0, MODIFY `plc_conversion_rate` decimal(21,9) not null default 0, MODIFY `per_installed` decimal(21,9) not null default 0, MODIFY `rounded_total` decimal(21,9) not null default 0, MODIFY `base_total_taxes_and_charges` decimal(21,9) not null default 0, MODIFY `grand_total` decimal(21,9) not null default 0, MODIFY `total` decimal(21,9) not null default 0, MODIFY `base_discount_amount` decimal(21,9) not null default 0, MODIFY `base_total` decimal(21,9) not null default 0, MODIFY `total_qty` decimal(21,9) not null default 0, MODIFY `total_net_weight` decimal(21,9) not null default 0, MODIFY `base_rounded_total` decimal(21,9) not null default 0, MODIFY `commission_rate` decimal(21,9) not null default 0, MODIFY `per_billed` decimal(21,9) not null default 0, MODIFY `conversion_rate` decimal(21,9) not null default 0, MODIFY `base_net_total` decimal(21,9) not null default 0, MODIFY `amount_eligible_for_commission` decimal(21,9) not null default 0, MODIFY `discount_amount` decimal(21,9) not null default 0, MODIFY `net_total` decimal(21,9) not null default 0, MODIFY `base_rounding_adjustment` decimal(21,9) not null default 0, MODIFY `total_taxes_and_charges` decimal(21,9) not null default 0, MODIFY `base_grand_total` decimal(21,9) not null default 0, MODIFY `additional_discount_percentage` decimal(21,9) not null default 0, MODIFY `total_commission` decimal(21,9) not null default 0
2024-11-19 22:14:42,555 WARNING database DDL Query made to DB:
ALTER TABLE `tabIssue` MODIFY `resolution_time` decimal(21,9), MODIFY `first_response_time` decimal(21,9), MODIFY `avg_response_time` decimal(21,9), MODIFY `total_hold_time` decimal(21,9), MODIFY `user_resolution_time` decimal(21,9)
2024-11-19 22:14:42,730 WARNING database DDL Query made to DB:
ALTER TABLE `tabIssue` MODIFY `total_hold_time` decimal(21,9), MODIFY `user_resolution_time` decimal(21,9), MODIFY `avg_response_time` decimal(21,9), MODIFY `resolution_time` decimal(21,9), MODIFY `first_response_time` decimal(21,9)
2024-11-19 22:14:42,890 WARNING database DDL Query made to DB:
ALTER TABLE `tabIssue` MODIFY `total_hold_time` decimal(21,9), MODIFY `resolution_time` decimal(21,9), MODIFY `avg_response_time` decimal(21,9), MODIFY `user_resolution_time` decimal(21,9), MODIFY `first_response_time` decimal(21,9)
2024-11-19 22:14:43,003 WARNING database DDL Query made to DB:
ALTER TABLE `tabIssue Materials Detail` MODIFY `amount` decimal(21,9) not null default 0, MODIFY `rate` decimal(21,9) not null default 0
2024-11-19 22:14:43,166 WARNING database DDL Query made to DB:
ALTER TABLE `tabIssue` MODIFY `resolution_time` decimal(21,9), MODIFY `total_hold_time` decimal(21,9), MODIFY `first_response_time` decimal(21,9), MODIFY `avg_response_time` decimal(21,9), MODIFY `user_resolution_time` decimal(21,9)
2024-11-19 22:14:43,326 WARNING database DDL Query made to DB:
ALTER TABLE `tabIssue` MODIFY `resolution_time` decimal(21,9), MODIFY `total_hold_time` decimal(21,9), MODIFY `first_response_time` decimal(21,9), MODIFY `avg_response_time` decimal(21,9), MODIFY `user_resolution_time` decimal(21,9)
2024-11-19 22:14:43,497 WARNING database DDL Query made to DB:
ALTER TABLE `tabIssue` MODIFY `first_response_time` decimal(21,9), MODIFY `total_hold_time` decimal(21,9), MODIFY `resolution_time` decimal(21,9), MODIFY `avg_response_time` decimal(21,9), MODIFY `user_resolution_time` decimal(21,9)
2024-11-19 22:14:43,658 WARNING database DDL Query made to DB:
ALTER TABLE `tabIssue` MODIFY `resolution_time` decimal(21,9), MODIFY `user_resolution_time` decimal(21,9), MODIFY `avg_response_time` decimal(21,9), MODIFY `first_response_time` decimal(21,9), MODIFY `total_hold_time` decimal(21,9)
2024-11-19 22:14:43,817 WARNING database DDL Query made to DB:
ALTER TABLE `tabIssue` MODIFY `first_response_time` decimal(21,9), MODIFY `resolution_time` decimal(21,9), MODIFY `user_resolution_time` decimal(21,9), MODIFY `avg_response_time` decimal(21,9), MODIFY `total_hold_time` decimal(21,9)
2024-11-19 22:14:44,059 WARNING database DDL Query made to DB:
ALTER TABLE `tabQuotation` MODIFY `total` decimal(21,9) not null default 0, MODIFY `base_discount_amount` decimal(21,9) not null default 0, MODIFY `base_grand_total` decimal(21,9) not null default 0, MODIFY `base_total` decimal(21,9) not null default 0, MODIFY `base_total_taxes_and_charges` decimal(21,9) not null default 0, MODIFY `net_total` decimal(21,9) not null default 0, MODIFY `total_net_weight` decimal(21,9) not null default 0, MODIFY `base_rounding_adjustment` decimal(21,9) not null default 0, MODIFY `base_rounded_total` decimal(21,9) not null default 0, MODIFY `additional_discount_percentage` decimal(21,9) not null default 0, MODIFY `discount_amount` decimal(21,9) not null default 0, MODIFY `total_taxes_and_charges` decimal(21,9) not null default 0, MODIFY `grand_total` decimal(21,9) not null default 0, MODIFY `conversion_rate` decimal(21,9) not null default 0, MODIFY `base_net_total` decimal(21,9) not null default 0, MODIFY `rounding_adjustment` decimal(21,9) not null default 0, MODIFY `rounded_total` decimal(21,9) not null default 0, MODIFY `total_qty` decimal(21,9) not null default 0, MODIFY `plc_conversion_rate` decimal(21,9) not null default 0
2024-11-19 22:14:44,219 WARNING database DDL Query made to DB:
ALTER TABLE `tabIssue` MODIFY `user_resolution_time` decimal(21,9), MODIFY `total_hold_time` decimal(21,9), MODIFY `resolution_time` decimal(21,9), MODIFY `first_response_time` decimal(21,9), MODIFY `avg_response_time` decimal(21,9)
2024-11-19 22:14:44,384 WARNING database DDL Query made to DB:
ALTER TABLE `tabIssue` MODIFY `avg_response_time` decimal(21,9), MODIFY `resolution_time` decimal(21,9), MODIFY `user_resolution_time` decimal(21,9), MODIFY `first_response_time` decimal(21,9), MODIFY `total_hold_time` decimal(21,9)
2024-11-19 22:14:44,546 WARNING database DDL Query made to DB:
ALTER TABLE `tabIssue` MODIFY `resolution_time` decimal(21,9), MODIFY `total_hold_time` decimal(21,9), MODIFY `avg_response_time` decimal(21,9), MODIFY `first_response_time` decimal(21,9), MODIFY `user_resolution_time` decimal(21,9)
2024-11-19 22:14:44,719 WARNING database DDL Query made to DB:
ALTER TABLE `tabIssue` MODIFY `resolution_time` decimal(21,9), MODIFY `first_response_time` decimal(21,9), MODIFY `avg_response_time` decimal(21,9), MODIFY `total_hold_time` decimal(21,9), MODIFY `user_resolution_time` decimal(21,9)
2024-11-19 22:14:44,881 WARNING database DDL Query made to DB:
ALTER TABLE `tabIssue` MODIFY `resolution_time` decimal(21,9), MODIFY `avg_response_time` decimal(21,9), MODIFY `user_resolution_time` decimal(21,9), MODIFY `first_response_time` decimal(21,9), MODIFY `total_hold_time` decimal(21,9)
2024-11-19 22:14:45,028 WARNING database DDL Query made to DB:
ALTER TABLE `tabMaterial Request` MODIFY `per_received` decimal(21,9) not null default 0, MODIFY `per_ordered` decimal(21,9) not null default 0
2024-11-19 22:14:45,193 WARNING database DDL Query made to DB:
ALTER TABLE `tabIssue` MODIFY `total_hold_time` decimal(21,9), MODIFY `first_response_time` decimal(21,9), MODIFY `resolution_time` decimal(21,9), MODIFY `user_resolution_time` decimal(21,9), MODIFY `avg_response_time` decimal(21,9)
2024-11-19 22:14:45,346 WARNING database DDL Query made to DB:
ALTER TABLE `tabMaterial Request Item` MODIFY `qty` decimal(21,9) not null default 0, MODIFY `stock_qty` decimal(21,9) not null default 0, MODIFY `amount` decimal(21,9) not null default 0, MODIFY `actual_qty` decimal(21,9) not null default 0, MODIFY `conversion_factor` decimal(21,9) not null default 0, MODIFY `ordered_qty` decimal(21,9) not null default 0, MODIFY `price_list_rate` decimal(21,9) not null default 0, MODIFY `rate` decimal(21,9) not null default 0, MODIFY `projected_qty` decimal(21,9) not null default 0, MODIFY `received_qty` decimal(21,9) not null default 0, MODIFY `min_order_qty` decimal(21,9) not null default 0
2024-11-19 22:14:45,551 WARNING database DDL Query made to DB:
ALTER TABLE `tabItem` MODIFY `safety_stock` decimal(21,9) not null default 0, MODIFY `over_delivery_receipt_allowance` decimal(21,9) not null default 0, MODIFY `weight_per_unit` decimal(21,9) not null default 0, MODIFY `max_discount` decimal(21,9) not null default 0, MODIFY `last_purchase_rate` decimal(21,9) not null default 0, MODIFY `opening_stock` decimal(21,9) not null default 0, MODIFY `valuation_rate` decimal(21,9) not null default 0, MODIFY `standard_rate` decimal(21,9) not null default 0, MODIFY `over_billing_allowance` decimal(21,9) not null default 0, MODIFY `total_projected_qty` decimal(21,9) not null default 0
2024-11-19 22:14:45,757 WARNING database DDL Query made to DB:
ALTER TABLE `tabCompany` MODIFY `credit_limit` decimal(21,9) not null default 0, MODIFY `monthly_sales_target` decimal(21,9) not null default 0, MODIFY `total_monthly_sales` decimal(21,9) not null default 0
2024-11-19 22:14:45,959 WARNING database DDL Query made to DB:
ALTER TABLE `tabCompany` MODIFY `credit_limit` decimal(21,9) not null default 0, MODIFY `total_monthly_sales` decimal(21,9) not null default 0, MODIFY `monthly_sales_target` decimal(21,9) not null default 0
2024-11-19 22:14:46,164 WARNING database DDL Query made to DB:
ALTER TABLE `tabCompany` MODIFY `credit_limit` decimal(21,9) not null default 0, MODIFY `total_monthly_sales` decimal(21,9) not null default 0, MODIFY `monthly_sales_target` decimal(21,9) not null default 0
2024-11-19 22:14:46,365 WARNING database DDL Query made to DB:
ALTER TABLE `tabCompany` MODIFY `credit_limit` decimal(21,9) not null default 0, MODIFY `monthly_sales_target` decimal(21,9) not null default 0, MODIFY `total_monthly_sales` decimal(21,9) not null default 0
2024-11-19 22:14:46,566 WARNING database DDL Query made to DB:
ALTER TABLE `tabCompany` MODIFY `credit_limit` decimal(21,9) not null default 0, MODIFY `monthly_sales_target` decimal(21,9) not null default 0, MODIFY `total_monthly_sales` decimal(21,9) not null default 0
2024-11-19 22:14:46,865 WARNING database DDL Query made to DB:
ALTER TABLE `tabSales Invoice` MODIFY `paid_amount` decimal(21,9) not null default 0, MODIFY `base_total_taxes_and_charges` decimal(21,9) not null default 0, MODIFY `base_write_off_amount` decimal(21,9) not null default 0, MODIFY `commission_rate` decimal(21,9) not null default 0, MODIFY `base_rounding_adjustment` decimal(21,9) not null default 0, MODIFY `base_grand_total` decimal(21,9) not null default 0, MODIFY `base_rounded_total` decimal(21,9) not null default 0, MODIFY `base_discount_amount` decimal(21,9) not null default 0, MODIFY `total_advance` decimal(21,9) not null default 0, MODIFY `loyalty_amount` decimal(21,9) not null default 0, MODIFY `total` decimal(21,9) not null default 0, MODIFY `base_change_amount` decimal(21,9) not null default 0, MODIFY `additional_discount_percentage` decimal(21,9) not null default 0, MODIFY `base_paid_amount` decimal(21,9) not null default 0, MODIFY `conversion_rate` decimal(21,9) not null default 0, MODIFY `total_commission` decimal(21,9) not null default 0, MODIFY `total_billing_hours` decimal(21,9) not null default 0, MODIFY `write_off_amount` decimal(21,9) not null default 0, MODIFY `amount_eligible_for_commission` decimal(21,9) not null default 0, MODIFY `base_total` decimal(21,9) not null default 0, MODIFY `total_net_weight` decimal(21,9) not null default 0, MODIFY `base_net_total` decimal(21,9) not null default 0, MODIFY `grand_total` decimal(21,9) not null default 0, MODIFY `total_taxes_and_charges` decimal(21,9) not null default 0, MODIFY `plc_conversion_rate` decimal(21,9) not null default 0, MODIFY `discount_amount` decimal(21,9) not null default 0, MODIFY `change_amount` decimal(21,9) not null default 0, MODIFY `outstanding_amount` decimal(21,9) not null default 0, MODIFY `total_qty` decimal(21,9) not null default 0, MODIFY `rounded_total` decimal(21,9) not null default 0, MODIFY `net_total` decimal(21,9) not null default 0, MODIFY `rounding_adjustment` decimal(21,9) not null default 0
2024-11-19 22:14:47,164 WARNING database DDL Query made to DB:
ALTER TABLE `tabSales Invoice` MODIFY `paid_amount` decimal(21,9) not null default 0, MODIFY `amount_eligible_for_commission` decimal(21,9) not null default 0, MODIFY `discount_amount` decimal(21,9) not null default 0, MODIFY `net_total` decimal(21,9) not null default 0, MODIFY `total_qty` decimal(21,9) not null default 0, MODIFY `grand_total` decimal(21,9) not null default 0, MODIFY `rounding_adjustment` decimal(21,9) not null default 0, MODIFY `change_amount` decimal(21,9) not null default 0, MODIFY `base_net_total` decimal(21,9) not null default 0, MODIFY `base_rounded_total` decimal(21,9) not null default 0, MODIFY `conversion_rate` decimal(21,9) not null default 0, MODIFY `base_total` decimal(21,9) not null default 0, MODIFY `base_grand_total` decimal(21,9) not null default 0, MODIFY `commission_rate` decimal(21,9) not null default 0, MODIFY `total_taxes_and_charges` decimal(21,9) not null default 0, MODIFY `additional_discount_percentage` decimal(21,9) not null default 0, MODIFY `outstanding_amount` decimal(21,9) not null default 0, MODIFY `loyalty_amount` decimal(21,9) not null default 0, MODIFY `base_change_amount` decimal(21,9) not null default 0, MODIFY `write_off_amount` decimal(21,9) not null default 0, MODIFY `total` decimal(21,9) not null default 0, MODIFY `base_write_off_amount` decimal(21,9) not null default 0, MODIFY `rounded_total` decimal(21,9) not null default 0, MODIFY `base_discount_amount` decimal(21,9) not null default 0, MODIFY `base_total_taxes_and_charges` decimal(21,9) not null default 0, MODIFY `total_advance` decimal(21,9) not null default 0, MODIFY `total_billing_hours` decimal(21,9) not null default 0, MODIFY `base_rounding_adjustment` decimal(21,9) not null default 0, MODIFY `plc_conversion_rate` decimal(21,9) not null default 0, MODIFY `total_net_weight` decimal(21,9) not null default 0, MODIFY `total_commission` decimal(21,9) not null default 0, MODIFY `base_paid_amount` decimal(21,9) not null default 0
2024-11-19 22:14:47,466 WARNING database DDL Query made to DB:
ALTER TABLE `tabSales Invoice` MODIFY `total` decimal(21,9) not null default 0, MODIFY `total_commission` decimal(21,9) not null default 0, MODIFY `net_total` decimal(21,9) not null default 0, MODIFY `base_write_off_amount` decimal(21,9) not null default 0, MODIFY `total_billing_hours` decimal(21,9) not null default 0, MODIFY `total_qty` decimal(21,9) not null default 0, MODIFY `plc_conversion_rate` decimal(21,9) not null default 0, MODIFY `base_total_taxes_and_charges` decimal(21,9) not null default 0, MODIFY `loyalty_amount` decimal(21,9) not null default 0, MODIFY `total_net_weight` decimal(21,9) not null default 0, MODIFY `total_taxes_and_charges` decimal(21,9) not null default 0, MODIFY `total_advance` decimal(21,9) not null default 0, MODIFY `base_total` decimal(21,9) not null default 0, MODIFY `discount_amount` decimal(21,9) not null default 0, MODIFY `paid_amount` decimal(21,9) not null default 0, MODIFY `commission_rate` decimal(21,9) not null default 0, MODIFY `conversion_rate` decimal(21,9) not null default 0, MODIFY `base_grand_total` decimal(21,9) not null default 0, MODIFY `base_paid_amount` decimal(21,9) not null default 0, MODIFY `base_change_amount` decimal(21,9) not null default 0, MODIFY `base_rounding_adjustment` decimal(21,9) not null default 0, MODIFY `base_rounded_total` decimal(21,9) not null default 0, MODIFY `outstanding_amount` decimal(21,9) not null default 0, MODIFY `grand_total` decimal(21,9) not null default 0, MODIFY `base_discount_amount` decimal(21,9) not null default 0, MODIFY `rounding_adjustment` decimal(21,9) not null default 0, MODIFY `additional_discount_percentage` decimal(21,9) not null default 0, MODIFY `base_net_total` decimal(21,9) not null default 0, MODIFY `change_amount` decimal(21,9) not null default 0, MODIFY `rounded_total` decimal(21,9) not null default 0, MODIFY `amount_eligible_for_commission` decimal(21,9) not null default 0, MODIFY `write_off_amount` decimal(21,9) not null default 0
2024-11-19 22:14:47,769 WARNING database DDL Query made to DB:
ALTER TABLE `tabSales Invoice` MODIFY `base_net_total` decimal(21,9) not null default 0, MODIFY `base_paid_amount` decimal(21,9) not null default 0, MODIFY `rounded_total` decimal(21,9) not null default 0, MODIFY `base_discount_amount` decimal(21,9) not null default 0, MODIFY `write_off_amount` decimal(21,9) not null default 0, MODIFY `paid_amount` decimal(21,9) not null default 0, MODIFY `total_qty` decimal(21,9) not null default 0, MODIFY `change_amount` decimal(21,9) not null default 0, MODIFY `net_total` decimal(21,9) not null default 0, MODIFY `base_change_amount` decimal(21,9) not null default 0, MODIFY `commission_rate` decimal(21,9) not null default 0, MODIFY `base_grand_total` decimal(21,9) not null default 0, MODIFY `rounding_adjustment` decimal(21,9) not null default 0, MODIFY `plc_conversion_rate` decimal(21,9) not null default 0, MODIFY `discount_amount` decimal(21,9) not null default 0, MODIFY `outstanding_amount` decimal(21,9) not null default 0, MODIFY `base_total` decimal(21,9) not null default 0, MODIFY `amount_eligible_for_commission` decimal(21,9) not null default 0, MODIFY `total_net_weight` decimal(21,9) not null default 0, MODIFY `base_rounded_total` decimal(21,9) not null default 0, MODIFY `total` decimal(21,9) not null default 0, MODIFY `loyalty_amount` decimal(21,9) not null default 0, MODIFY `total_billing_hours` decimal(21,9) not null default 0, MODIFY `additional_discount_percentage` decimal(21,9) not null default 0, MODIFY `total_commission` decimal(21,9) not null default 0, MODIFY `total_taxes_and_charges` decimal(21,9) not null default 0, MODIFY `total_advance` decimal(21,9) not null default 0, MODIFY `conversion_rate` decimal(21,9) not null default 0, MODIFY `base_total_taxes_and_charges` decimal(21,9) not null default 0, MODIFY `base_write_off_amount` decimal(21,9) not null default 0, MODIFY `base_rounding_adjustment` decimal(21,9) not null default 0, MODIFY `grand_total` decimal(21,9) not null default 0
2024-11-19 22:14:49,661 WARNING database DDL Query made to DB:
ALTER TABLE `tabKanban Board` MODIFY `custom_highlighted_field` varchar(140)
2024-11-19 22:20:11,290 WARNING database DDL Query made to DB:
ALTER TABLE `tabCRM Lead` ADD COLUMN `is_duplicated` int(11) not null default 0
2024-11-19 22:20:11,296 WARNING database DDL Query made to DB:
ALTER TABLE `tabCRM Lead` MODIFY `first_response_time` decimal(21,9), MODIFY `rating` decimal(3,2), MODIFY `annual_revenue` decimal(21,9) not null default 0
2024-11-19 22:27:08,151 WARNING database DDL Query made to DB:
ALTER TABLE `tabCRM Lead` MODIFY `annual_revenue` decimal(21,9) not null default 0, MODIFY `first_response_time` decimal(21,9), MODIFY `rating` decimal(3,2)
2024-11-19 22:30:19,599 WARNING database DDL Query made to DB:
ALTER TABLE `tabCRM Lead` MODIFY `rating` decimal(3,2), MODIFY `annual_revenue` decimal(21,9) not null default 0, MODIFY `first_response_time` decimal(21,9)
2024-11-19 22:42:04,872 WARNING database DDL Query made to DB:
ALTER TABLE `tabLead` MODIFY `annual_revenue` decimal(21,9) not null default 0, ADD UNIQUE INDEX IF NOT EXISTS phone (`phone`)
2024-11-19 22:44:53,932 WARNING database DDL Query made to DB:
ALTER TABLE `tabLead` ADD COLUMN `duplicated` int(1) not null default 0
2024-11-19 22:44:53,936 WARNING database DDL Query made to DB:
ALTER TABLE `tabLead` MODIFY `annual_revenue` decimal(21,9) not null default 0
2024-11-20 11:46:10,845 WARNING database DDL Query made to DB:
ALTER TABLE `tabCRM Lead` MODIFY `rating` decimal(3,2), MODIFY `first_response_time` decimal(21,9), MODIFY `annual_revenue` decimal(21,9) not null default 0
2024-11-20 11:55:57,064 WARNING database DDL Query made to DB:
ALTER TABLE `tabCRM Lead` MODIFY `rating` decimal(3,2), MODIFY `first_response_time` decimal(21,9), MODIFY `annual_revenue` decimal(21,9) not null default 0
2024-11-20 12:58:52,027 WARNING database DDL Query made to DB:
create table `tabDuplicated Lead` (
			name varchar(140) primary key,
			creation datetime(6),
			modified datetime(6),
			modified_by varchar(140),
			owner varchar(140),
			docstatus int(1) not null default '0',
			idx int(8) not null default '0',
			`salutation` varchar(140),
`first_name` varchar(140),
`last_name` varchar(140),
`email` varchar(140) unique,
`phone` varchar(140) unique,
`rating` decimal(3,2),
`organization` varchar(140),
`website` varchar(140),
`territory` varchar(140),
`industry` varchar(140),
`job_title` varchar(140),
`source` varchar(140),
`lead_owner` varchar(140),
`naming_series` varchar(140) default 'CRM-LEAD-.YYYY.-',
`lead_name` varchar(140),
`middle_name` varchar(140),
`gender` varchar(140),
`status` varchar(140) default 'New',
`no_of_employees` varchar(140),
`annual_revenue` decimal(21,9) not null default 0,
`image` text,
`converted` int(1) not null default 0,
`duplicated` int(1) not null default 0,
`is_duplicated` int(11) not null default 0,
`sla` varchar(140),
`sla_creation` datetime(6),
`sla_status` varchar(140),
`communication_status` varchar(140) default 'Open',
`response_by` datetime(6),
`first_response_time` decimal(21,9),
`first_responded_on` datetime(6),
`_user_tags` text,
`_comments` text,
`_assign` text,
`_liked_by` text,
index `lead_name`(`lead_name`),
index `status`(`status`),
index modified(modified))
			ENGINE=InnoDB
			ROW_FORMAT=DYNAMIC
			CHARACTER SET=utf8mb4
			COLLATE=utf8mb4_unicode_ci
2024-11-20 13:34:10,754 WARNING database DDL Query made to DB:
alter table `tabDocType` add column if not exists migration_hash varchar(140)
2024-11-20 13:34:12,089 WARNING database DDL Query made to DB:
ALTER TABLE `tabPrint Heading` DROP INDEX `print_heading`
2024-11-20 13:34:15,005 WARNING database DDL Query made to DB:
ALTER TABLE `tabLead` MODIFY `annual_revenue` decimal(21,9) not null default 0
2024-11-20 13:34:15,736 WARNING database DDL Query made to DB:
ALTER TABLE `tabPrint Heading` ADD UNIQUE INDEX IF NOT EXISTS print_heading (`print_heading`)
2024-11-20 13:34:17,559 WARNING database DDL Query made to DB:
ALTER TABLE `tabUnit` MODIFY `rent` decimal(21,9) not null default 0, MODIFY `security_deposit` decimal(21,9) not null default 0, MODIFY `builtup_area` decimal(21,9) not null default 0, MODIFY `carpet_area` decimal(21,9) not null default 0
2024-11-20 13:34:18,002 WARNING database DDL Query made to DB:
ALTER TABLE `tabDuplicated Lead` MODIFY `annual_revenue` decimal(21,9) not null default 0, MODIFY `first_response_time` decimal(21,9), MODIFY `rating` decimal(3,2)
2024-11-20 13:34:18,326 WARNING database DDL Query made to DB:
ALTER TABLE `tabCRM Lead` MODIFY `rating` decimal(3,2), MODIFY `annual_revenue` decimal(21,9) not null default 0, MODIFY `first_response_time` decimal(21,9)
2024-11-20 13:34:20,133 WARNING database DDL Query made to DB:
ALTER TABLE `tabVehicle Service` MODIFY `expense_amount` decimal(21,9) not null default 0
2024-11-20 13:34:20,481 WARNING database DDL Query made to DB:
ALTER TABLE `tabDelivery Note` MODIFY `base_total` decimal(21,9) not null default 0, MODIFY `additional_discount_percentage` decimal(21,9) not null default 0, MODIFY `conversion_rate` decimal(21,9) not null default 0, MODIFY `grand_total` decimal(21,9) not null default 0, MODIFY `total_taxes_and_charges` decimal(21,9) not null default 0, MODIFY `plc_conversion_rate` decimal(21,9) not null default 0, MODIFY `rounding_adjustment` decimal(21,9) not null default 0, MODIFY `total_commission` decimal(21,9) not null default 0, MODIFY `total` decimal(21,9) not null default 0, MODIFY `total_net_weight` decimal(21,9) not null default 0, MODIFY `per_installed` decimal(21,9) not null default 0, MODIFY `discount_amount` decimal(21,9) not null default 0, MODIFY `per_returned` decimal(21,9) not null default 0, MODIFY `total_qty` decimal(21,9) not null default 0, MODIFY `base_rounded_total` decimal(21,9) not null default 0, MODIFY `net_total` decimal(21,9) not null default 0, MODIFY `per_billed` decimal(21,9) not null default 0, MODIFY `base_total_taxes_and_charges` decimal(21,9) not null default 0, MODIFY `base_net_total` decimal(21,9) not null default 0, MODIFY `base_discount_amount` decimal(21,9) not null default 0, MODIFY `amount_eligible_for_commission` decimal(21,9) not null default 0, MODIFY `rounded_total` decimal(21,9) not null default 0, MODIFY `commission_rate` decimal(21,9) not null default 0, MODIFY `base_grand_total` decimal(21,9) not null default 0, MODIFY `base_rounding_adjustment` decimal(21,9) not null default 0
2024-11-20 13:34:23,589 WARNING database DDL Query made to DB:
ALTER TABLE `tabIssue` MODIFY `user_resolution_time` decimal(21,9), MODIFY `first_response_time` decimal(21,9), MODIFY `total_hold_time` decimal(21,9), MODIFY `resolution_time` decimal(21,9), MODIFY `avg_response_time` decimal(21,9)
2024-11-20 13:34:23,749 WARNING database DDL Query made to DB:
ALTER TABLE `tabIssue` MODIFY `user_resolution_time` decimal(21,9), MODIFY `total_hold_time` decimal(21,9), MODIFY `resolution_time` decimal(21,9), MODIFY `first_response_time` decimal(21,9), MODIFY `avg_response_time` decimal(21,9)
2024-11-20 13:34:23,906 WARNING database DDL Query made to DB:
ALTER TABLE `tabIssue` MODIFY `avg_response_time` decimal(21,9), MODIFY `total_hold_time` decimal(21,9), MODIFY `first_response_time` decimal(21,9), MODIFY `user_resolution_time` decimal(21,9), MODIFY `resolution_time` decimal(21,9)
2024-11-20 13:34:24,015 WARNING database DDL Query made to DB:
ALTER TABLE `tabIssue Materials Detail` MODIFY `amount` decimal(21,9) not null default 0, MODIFY `rate` decimal(21,9) not null default 0
2024-11-20 13:34:24,182 WARNING database DDL Query made to DB:
ALTER TABLE `tabIssue` MODIFY `user_resolution_time` decimal(21,9), MODIFY `first_response_time` decimal(21,9), MODIFY `resolution_time` decimal(21,9), MODIFY `total_hold_time` decimal(21,9), MODIFY `avg_response_time` decimal(21,9)
2024-11-20 13:34:24,342 WARNING database DDL Query made to DB:
ALTER TABLE `tabIssue` MODIFY `avg_response_time` decimal(21,9), MODIFY `resolution_time` decimal(21,9), MODIFY `user_resolution_time` decimal(21,9), MODIFY `total_hold_time` decimal(21,9), MODIFY `first_response_time` decimal(21,9)
2024-11-20 13:34:24,506 WARNING database DDL Query made to DB:
ALTER TABLE `tabIssue` MODIFY `avg_response_time` decimal(21,9), MODIFY `resolution_time` decimal(21,9), MODIFY `first_response_time` decimal(21,9), MODIFY `total_hold_time` decimal(21,9), MODIFY `user_resolution_time` decimal(21,9)
2024-11-20 13:34:24,666 WARNING database DDL Query made to DB:
ALTER TABLE `tabIssue` MODIFY `resolution_time` decimal(21,9), MODIFY `avg_response_time` decimal(21,9), MODIFY `first_response_time` decimal(21,9), MODIFY `total_hold_time` decimal(21,9), MODIFY `user_resolution_time` decimal(21,9)
2024-11-20 13:34:24,823 WARNING database DDL Query made to DB:
ALTER TABLE `tabIssue` MODIFY `resolution_time` decimal(21,9), MODIFY `total_hold_time` decimal(21,9), MODIFY `user_resolution_time` decimal(21,9), MODIFY `avg_response_time` decimal(21,9), MODIFY `first_response_time` decimal(21,9)
2024-11-20 13:34:25,063 WARNING database DDL Query made to DB:
ALTER TABLE `tabQuotation` MODIFY `base_total_taxes_and_charges` decimal(21,9) not null default 0, MODIFY `total_taxes_and_charges` decimal(21,9) not null default 0, MODIFY `base_grand_total` decimal(21,9) not null default 0, MODIFY `base_rounding_adjustment` decimal(21,9) not null default 0, MODIFY `plc_conversion_rate` decimal(21,9) not null default 0, MODIFY `base_rounded_total` decimal(21,9) not null default 0, MODIFY `grand_total` decimal(21,9) not null default 0, MODIFY `rounding_adjustment` decimal(21,9) not null default 0, MODIFY `total_qty` decimal(21,9) not null default 0, MODIFY `total_net_weight` decimal(21,9) not null default 0, MODIFY `rounded_total` decimal(21,9) not null default 0, MODIFY `base_total` decimal(21,9) not null default 0, MODIFY `base_net_total` decimal(21,9) not null default 0, MODIFY `base_discount_amount` decimal(21,9) not null default 0, MODIFY `total` decimal(21,9) not null default 0, MODIFY `additional_discount_percentage` decimal(21,9) not null default 0, MODIFY `net_total` decimal(21,9) not null default 0, MODIFY `discount_amount` decimal(21,9) not null default 0, MODIFY `conversion_rate` decimal(21,9) not null default 0
2024-11-20 13:34:25,226 WARNING database DDL Query made to DB:
ALTER TABLE `tabIssue` MODIFY `user_resolution_time` decimal(21,9), MODIFY `avg_response_time` decimal(21,9), MODIFY `total_hold_time` decimal(21,9), MODIFY `first_response_time` decimal(21,9), MODIFY `resolution_time` decimal(21,9)
2024-11-20 13:34:25,387 WARNING database DDL Query made to DB:
ALTER TABLE `tabIssue` MODIFY `resolution_time` decimal(21,9), MODIFY `first_response_time` decimal(21,9), MODIFY `avg_response_time` decimal(21,9), MODIFY `user_resolution_time` decimal(21,9), MODIFY `total_hold_time` decimal(21,9)
2024-11-20 13:34:25,544 WARNING database DDL Query made to DB:
ALTER TABLE `tabIssue` MODIFY `first_response_time` decimal(21,9), MODIFY `user_resolution_time` decimal(21,9), MODIFY `avg_response_time` decimal(21,9), MODIFY `total_hold_time` decimal(21,9), MODIFY `resolution_time` decimal(21,9)
2024-11-20 13:34:25,708 WARNING database DDL Query made to DB:
ALTER TABLE `tabIssue` MODIFY `first_response_time` decimal(21,9), MODIFY `resolution_time` decimal(21,9), MODIFY `user_resolution_time` decimal(21,9), MODIFY `avg_response_time` decimal(21,9), MODIFY `total_hold_time` decimal(21,9)
2024-11-20 13:34:25,875 WARNING database DDL Query made to DB:
ALTER TABLE `tabIssue` MODIFY `first_response_time` decimal(21,9), MODIFY `total_hold_time` decimal(21,9), MODIFY `resolution_time` decimal(21,9), MODIFY `avg_response_time` decimal(21,9), MODIFY `user_resolution_time` decimal(21,9)
2024-11-20 13:34:26,037 WARNING database DDL Query made to DB:
ALTER TABLE `tabMaterial Request` MODIFY `per_ordered` decimal(21,9) not null default 0, MODIFY `per_received` decimal(21,9) not null default 0
2024-11-20 13:34:26,199 WARNING database DDL Query made to DB:
ALTER TABLE `tabIssue` MODIFY `first_response_time` decimal(21,9), MODIFY `user_resolution_time` decimal(21,9), MODIFY `avg_response_time` decimal(21,9), MODIFY `resolution_time` decimal(21,9), MODIFY `total_hold_time` decimal(21,9)
2024-11-20 13:34:26,342 WARNING database DDL Query made to DB:
ALTER TABLE `tabMaterial Request Item` MODIFY `rate` decimal(21,9) not null default 0, MODIFY `amount` decimal(21,9) not null default 0, MODIFY `price_list_rate` decimal(21,9) not null default 0, MODIFY `conversion_factor` decimal(21,9) not null default 0, MODIFY `stock_qty` decimal(21,9) not null default 0, MODIFY `min_order_qty` decimal(21,9) not null default 0, MODIFY `ordered_qty` decimal(21,9) not null default 0, MODIFY `projected_qty` decimal(21,9) not null default 0, MODIFY `received_qty` decimal(21,9) not null default 0, MODIFY `actual_qty` decimal(21,9) not null default 0, MODIFY `qty` decimal(21,9) not null default 0
2024-11-20 13:34:26,541 WARNING database DDL Query made to DB:
ALTER TABLE `tabItem` MODIFY `safety_stock` decimal(21,9) not null default 0, MODIFY `valuation_rate` decimal(21,9) not null default 0, MODIFY `weight_per_unit` decimal(21,9) not null default 0, MODIFY `opening_stock` decimal(21,9) not null default 0, MODIFY `max_discount` decimal(21,9) not null default 0, MODIFY `last_purchase_rate` decimal(21,9) not null default 0, MODIFY `total_projected_qty` decimal(21,9) not null default 0, MODIFY `standard_rate` decimal(21,9) not null default 0, MODIFY `over_billing_allowance` decimal(21,9) not null default 0, MODIFY `over_delivery_receipt_allowance` decimal(21,9) not null default 0
2024-11-20 13:34:26,763 WARNING database DDL Query made to DB:
ALTER TABLE `tabCompany` MODIFY `credit_limit` decimal(21,9) not null default 0, MODIFY `monthly_sales_target` decimal(21,9) not null default 0, MODIFY `total_monthly_sales` decimal(21,9) not null default 0
2024-11-20 13:34:26,964 WARNING database DDL Query made to DB:
ALTER TABLE `tabCompany` MODIFY `credit_limit` decimal(21,9) not null default 0, MODIFY `total_monthly_sales` decimal(21,9) not null default 0, MODIFY `monthly_sales_target` decimal(21,9) not null default 0
2024-11-20 13:34:27,165 WARNING database DDL Query made to DB:
ALTER TABLE `tabCompany` MODIFY `monthly_sales_target` decimal(21,9) not null default 0, MODIFY `total_monthly_sales` decimal(21,9) not null default 0, MODIFY `credit_limit` decimal(21,9) not null default 0
2024-11-20 13:34:27,367 WARNING database DDL Query made to DB:
ALTER TABLE `tabCompany` MODIFY `credit_limit` decimal(21,9) not null default 0, MODIFY `total_monthly_sales` decimal(21,9) not null default 0, MODIFY `monthly_sales_target` decimal(21,9) not null default 0
2024-11-20 13:34:27,566 WARNING database DDL Query made to DB:
ALTER TABLE `tabCompany` MODIFY `total_monthly_sales` decimal(21,9) not null default 0, MODIFY `credit_limit` decimal(21,9) not null default 0, MODIFY `monthly_sales_target` decimal(21,9) not null default 0
2024-11-20 13:34:27,864 WARNING database DDL Query made to DB:
ALTER TABLE `tabSales Invoice` MODIFY `base_net_total` decimal(21,9) not null default 0, MODIFY `rounded_total` decimal(21,9) not null default 0, MODIFY `base_discount_amount` decimal(21,9) not null default 0, MODIFY `base_grand_total` decimal(21,9) not null default 0, MODIFY `rounding_adjustment` decimal(21,9) not null default 0, MODIFY `total` decimal(21,9) not null default 0, MODIFY `base_rounding_adjustment` decimal(21,9) not null default 0, MODIFY `additional_discount_percentage` decimal(21,9) not null default 0, MODIFY `outstanding_amount` decimal(21,9) not null default 0, MODIFY `plc_conversion_rate` decimal(21,9) not null default 0, MODIFY `base_total` decimal(21,9) not null default 0, MODIFY `base_total_taxes_and_charges` decimal(21,9) not null default 0, MODIFY `total_advance` decimal(21,9) not null default 0, MODIFY `conversion_rate` decimal(21,9) not null default 0, MODIFY `base_change_amount` decimal(21,9) not null default 0, MODIFY `base_write_off_amount` decimal(21,9) not null default 0, MODIFY `paid_amount` decimal(21,9) not null default 0, MODIFY `loyalty_amount` decimal(21,9) not null default 0, MODIFY `total_billing_hours` decimal(21,9) not null default 0, MODIFY `base_paid_amount` decimal(21,9) not null default 0, MODIFY `write_off_amount` decimal(21,9) not null default 0, MODIFY `grand_total` decimal(21,9) not null default 0, MODIFY `amount_eligible_for_commission` decimal(21,9) not null default 0, MODIFY `total_qty` decimal(21,9) not null default 0, MODIFY `change_amount` decimal(21,9) not null default 0, MODIFY `total_net_weight` decimal(21,9) not null default 0, MODIFY `discount_amount` decimal(21,9) not null default 0, MODIFY `commission_rate` decimal(21,9) not null default 0, MODIFY `net_total` decimal(21,9) not null default 0, MODIFY `base_rounded_total` decimal(21,9) not null default 0, MODIFY `total_taxes_and_charges` decimal(21,9) not null default 0, MODIFY `total_commission` decimal(21,9) not null default 0
2024-11-20 13:34:28,158 WARNING database DDL Query made to DB:
ALTER TABLE `tabSales Invoice` MODIFY `amount_eligible_for_commission` decimal(21,9) not null default 0, MODIFY `outstanding_amount` decimal(21,9) not null default 0, MODIFY `commission_rate` decimal(21,9) not null default 0, MODIFY `total` decimal(21,9) not null default 0, MODIFY `total_billing_hours` decimal(21,9) not null default 0, MODIFY `base_net_total` decimal(21,9) not null default 0, MODIFY `change_amount` decimal(21,9) not null default 0, MODIFY `total_commission` decimal(21,9) not null default 0, MODIFY `conversion_rate` decimal(21,9) not null default 0, MODIFY `base_paid_amount` decimal(21,9) not null default 0, MODIFY `base_grand_total` decimal(21,9) not null default 0, MODIFY `base_write_off_amount` decimal(21,9) not null default 0, MODIFY `paid_amount` decimal(21,9) not null default 0, MODIFY `discount_amount` decimal(21,9) not null default 0, MODIFY `total_qty` decimal(21,9) not null default 0, MODIFY `loyalty_amount` decimal(21,9) not null default 0, MODIFY `base_total_taxes_and_charges` decimal(21,9) not null default 0, MODIFY `additional_discount_percentage` decimal(21,9) not null default 0, MODIFY `total_net_weight` decimal(21,9) not null default 0, MODIFY `base_discount_amount` decimal(21,9) not null default 0, MODIFY `write_off_amount` decimal(21,9) not null default 0, MODIFY `total_advance` decimal(21,9) not null default 0, MODIFY `base_change_amount` decimal(21,9) not null default 0, MODIFY `base_total` decimal(21,9) not null default 0, MODIFY `total_taxes_and_charges` decimal(21,9) not null default 0, MODIFY `plc_conversion_rate` decimal(21,9) not null default 0, MODIFY `rounding_adjustment` decimal(21,9) not null default 0, MODIFY `rounded_total` decimal(21,9) not null default 0, MODIFY `net_total` decimal(21,9) not null default 0, MODIFY `base_rounding_adjustment` decimal(21,9) not null default 0, MODIFY `grand_total` decimal(21,9) not null default 0, MODIFY `base_rounded_total` decimal(21,9) not null default 0
2024-11-20 13:34:28,451 WARNING database DDL Query made to DB:
ALTER TABLE `tabSales Invoice` MODIFY `base_discount_amount` decimal(21,9) not null default 0, MODIFY `commission_rate` decimal(21,9) not null default 0, MODIFY `conversion_rate` decimal(21,9) not null default 0, MODIFY `base_rounded_total` decimal(21,9) not null default 0, MODIFY `amount_eligible_for_commission` decimal(21,9) not null default 0, MODIFY `write_off_amount` decimal(21,9) not null default 0, MODIFY `base_net_total` decimal(21,9) not null default 0, MODIFY `base_write_off_amount` decimal(21,9) not null default 0, MODIFY `rounded_total` decimal(21,9) not null default 0, MODIFY `rounding_adjustment` decimal(21,9) not null default 0, MODIFY `total_taxes_and_charges` decimal(21,9) not null default 0, MODIFY `loyalty_amount` decimal(21,9) not null default 0, MODIFY `total_commission` decimal(21,9) not null default 0, MODIFY `additional_discount_percentage` decimal(21,9) not null default 0, MODIFY `discount_amount` decimal(21,9) not null default 0, MODIFY `total_billing_hours` decimal(21,9) not null default 0, MODIFY `base_grand_total` decimal(21,9) not null default 0, MODIFY `base_rounding_adjustment` decimal(21,9) not null default 0, MODIFY `total` decimal(21,9) not null default 0, MODIFY `net_total` decimal(21,9) not null default 0, MODIFY `base_total` decimal(21,9) not null default 0, MODIFY `grand_total` decimal(21,9) not null default 0, MODIFY `paid_amount` decimal(21,9) not null default 0, MODIFY `base_paid_amount` decimal(21,9) not null default 0, MODIFY `total_advance` decimal(21,9) not null default 0, MODIFY `base_change_amount` decimal(21,9) not null default 0, MODIFY `outstanding_amount` decimal(21,9) not null default 0, MODIFY `change_amount` decimal(21,9) not null default 0, MODIFY `base_total_taxes_and_charges` decimal(21,9) not null default 0, MODIFY `total_qty` decimal(21,9) not null default 0, MODIFY `total_net_weight` decimal(21,9) not null default 0, MODIFY `plc_conversion_rate` decimal(21,9) not null default 0
2024-11-20 13:34:28,750 WARNING database DDL Query made to DB:
ALTER TABLE `tabSales Invoice` MODIFY `total_net_weight` decimal(21,9) not null default 0, MODIFY `total_billing_hours` decimal(21,9) not null default 0, MODIFY `conversion_rate` decimal(21,9) not null default 0, MODIFY `total_commission` decimal(21,9) not null default 0, MODIFY `commission_rate` decimal(21,9) not null default 0, MODIFY `base_total` decimal(21,9) not null default 0, MODIFY `base_net_total` decimal(21,9) not null default 0, MODIFY `total_advance` decimal(21,9) not null default 0, MODIFY `total` decimal(21,9) not null default 0, MODIFY `base_grand_total` decimal(21,9) not null default 0, MODIFY `outstanding_amount` decimal(21,9) not null default 0, MODIFY `write_off_amount` decimal(21,9) not null default 0, MODIFY `base_rounding_adjustment` decimal(21,9) not null default 0, MODIFY `base_write_off_amount` decimal(21,9) not null default 0, MODIFY `total_taxes_and_charges` decimal(21,9) not null default 0, MODIFY `base_paid_amount` decimal(21,9) not null default 0, MODIFY `grand_total` decimal(21,9) not null default 0, MODIFY `net_total` decimal(21,9) not null default 0, MODIFY `base_rounded_total` decimal(21,9) not null default 0, MODIFY `plc_conversion_rate` decimal(21,9) not null default 0, MODIFY `paid_amount` decimal(21,9) not null default 0, MODIFY `base_change_amount` decimal(21,9) not null default 0, MODIFY `base_discount_amount` decimal(21,9) not null default 0, MODIFY `rounding_adjustment` decimal(21,9) not null default 0, MODIFY `additional_discount_percentage` decimal(21,9) not null default 0, MODIFY `change_amount` decimal(21,9) not null default 0, MODIFY `discount_amount` decimal(21,9) not null default 0, MODIFY `amount_eligible_for_commission` decimal(21,9) not null default 0, MODIFY `rounded_total` decimal(21,9) not null default 0, MODIFY `base_total_taxes_and_charges` decimal(21,9) not null default 0, MODIFY `loyalty_amount` decimal(21,9) not null default 0, MODIFY `total_qty` decimal(21,9) not null default 0
2024-11-20 13:34:30,633 WARNING database DDL Query made to DB:
ALTER TABLE `tabKanban Board` MODIFY `custom_highlighted_field` varchar(140)
2024-11-20 14:41:53,447 WARNING database DDL Query made to DB:
ALTER TABLE `tabEvent` ADD COLUMN `reference_doctype` varchar(140) default 'CRM Lead', ADD COLUMN `reference_docname` varchar(140)
2024-11-20 15:23:06,613 WARNING database DDL Query made to DB:
ALTER TABLE `tabEvent` ADD COLUMN `showing` int(1) not null default 0, ADD COLUMN `visiting` int(1) not null default 0
2024-11-20 15:23:06,613 WARNING database DDL Query made to DB:
ALTER TABLE `tabEvent` ADD COLUMN `showing` int(1) not null default 0, ADD COLUMN `visiting` int(1) not null default 0
2024-11-20 15:23:06,618 WARNING database DDL Query made to DB:
ALTER TABLE `tabEvent` MODIFY `reference_docname` varchar(140)
2024-11-20 15:23:06,618 WARNING database DDL Query made to DB:
ALTER TABLE `tabEvent` MODIFY `reference_docname` varchar(140)
2024-11-22 21:49:51,052 WARNING database DDL Query made to DB:
create table `tabReservation` (
			name varchar(140) primary key,
			creation datetime(6),
			modified datetime(6),
			modified_by varchar(140),
			owner varchar(140),
			docstatus int(1) not null default '0',
			idx int(8) not null default '0',
			`lease_item` varchar(140),
`frequency` varchar(140),
`amount` decimal(21,9) not null default 0,
`currency_code` varchar(140) default 'USD',
`charge_basis` varchar(140),
`charge_rate` varchar(140),
`witholding_tax` decimal(21,9) not null default 0,
`paid_by` varchar(140),
`invoice_item_group` varchar(140),
`document_type` varchar(140) default 'Sales Invoice',
`_user_tags` text,
`_comments` text,
`_assign` text,
`_liked_by` text,
index modified(modified))
			ENGINE=InnoDB
			ROW_FORMAT=DYNAMIC
			CHARACTER SET=utf8mb4
			COLLATE=utf8mb4_unicode_ci
2024-11-22 21:50:50,942 WARNING database DDL Query made to DB:
ALTER TABLE `tabReservation` ADD COLUMN `is_property_unit` int(1) not null default 1
2024-11-22 21:50:50,950 WARNING database DDL Query made to DB:
ALTER TABLE `tabReservation` MODIFY `amount` decimal(21,9) not null default 0, MODIFY `witholding_tax` decimal(21,9) not null default 0
2024-11-22 21:51:22,927 WARNING database DDL Query made to DB:
ALTER TABLE `tabReservation` ADD COLUMN `propert_unit` varchar(140)
2024-11-22 21:51:22,932 WARNING database DDL Query made to DB:
ALTER TABLE `tabReservation` MODIFY `witholding_tax` decimal(21,9) not null default 0, MODIFY `amount` decimal(21,9) not null default 0
2024-11-22 21:53:41,501 WARNING database DDL Query made to DB:
ALTER TABLE `tabReservation` ADD COLUMN `unit` varchar(140)
2024-11-22 21:53:41,506 WARNING database DDL Query made to DB:
ALTER TABLE `tabReservation` MODIFY `witholding_tax` decimal(21,9) not null default 0, MODIFY `amount` decimal(21,9) not null default 0
2024-11-22 21:54:29,515 WARNING database DDL Query made to DB:
ALTER TABLE `tabReservation` MODIFY `amount` decimal(21,9) not null default 0, MODIFY `witholding_tax` decimal(21,9) not null default 0
2024-11-22 21:57:59,092 WARNING database DDL Query made to DB:
ALTER TABLE `tabReservation` ADD COLUMN `status` varchar(140)
2024-11-22 21:58:13,666 WARNING database DDL Query made to DB:
ALTER TABLE `tabReservation` MODIFY `status` varchar(140) default 'Reserve'
2024-11-22 21:59:56,890 WARNING database DDL Query made to DB:
ALTER TABLE `tabReservation` ADD COLUMN `property_unit` varchar(140)
2024-11-22 23:24:03,345 WARNING database DDL Query made to DB:
ALTER TABLE `tabCRM Lead` MODIFY `annual_revenue` decimal(21,9) not null default 0, MODIFY `first_response_time` decimal(21,9), MODIFY `rating` decimal(3,2)
2024-11-22 23:24:03,367 WARNING database DDL Query made to DB:
ALTER TABLE `tabCRM Lead` DROP INDEX `phone`
2024-11-22 23:40:28,224 WARNING database DDL Query made to DB:
ALTER TABLE `tabCRM Lead` MODIFY `annual_revenue` decimal(21,9) not null default 0, MODIFY `first_response_time` decimal(21,9), MODIFY `rating` decimal(3,2), ADD UNIQUE INDEX IF NOT EXISTS phone (`phone`)
2024-11-23 21:11:38,743 WARNING database DDL Query made to DB:
ALTER TABLE `tabProperty` ADD COLUMN `nymber_of_rooms` int(11) not null default 0, ADD COLUMN `city` varchar(140), ADD COLUMN `district` varchar(140), ADD COLUMN `developer` varchar(140), ADD COLUMN `building_number` varchar(140), ADD COLUMN `floor_number` varchar(140), ADD COLUMN `unit_number` varchar(140), ADD COLUMN `total_price` varchar(140)
2024-11-23 21:11:38,743 WARNING database DDL Query made to DB:
ALTER TABLE `tabProperty` ADD COLUMN `nymber_of_rooms` int(11) not null default 0, ADD COLUMN `city` varchar(140), ADD COLUMN `district` varchar(140), ADD COLUMN `developer` varchar(140), ADD COLUMN `building_number` varchar(140), ADD COLUMN `floor_number` varchar(140), ADD COLUMN `unit_number` varchar(140), ADD COLUMN `total_price` varchar(140)
2024-11-23 21:11:38,751 WARNING database DDL Query made to DB:
ALTER TABLE `tabProperty` MODIFY `security_deposit` decimal(21,9) not null default 0, MODIFY `carpet_area` decimal(21,9) not null default 0, MODIFY `rent` decimal(21,9) not null default 0, MODIFY `builtup_area` decimal(21,9) not null default 0
2024-11-23 21:11:38,751 WARNING database DDL Query made to DB:
ALTER TABLE `tabProperty` MODIFY `security_deposit` decimal(21,9) not null default 0, MODIFY `carpet_area` decimal(21,9) not null default 0, MODIFY `rent` decimal(21,9) not null default 0, MODIFY `builtup_area` decimal(21,9) not null default 0
2024-11-23 21:20:49,658 WARNING database DDL Query made to DB:
ALTER TABLE `tabProperty` MODIFY `builtup_area` decimal(21,9) not null default 0, MODIFY `security_deposit` decimal(21,9) not null default 0, MODIFY `carpet_area` decimal(21,9) not null default 0
2024-11-23 21:20:49,658 WARNING database DDL Query made to DB:
ALTER TABLE `tabProperty` MODIFY `builtup_area` decimal(21,9) not null default 0, MODIFY `security_deposit` decimal(21,9) not null default 0, MODIFY `carpet_area` decimal(21,9) not null default 0
2024-11-23 21:22:46,908 WARNING database DDL Query made to DB:
ALTER TABLE `tabProperty` MODIFY `security_deposit` decimal(21,9) not null default 0, MODIFY `builtup_area` decimal(21,9) not null default 0, MODIFY `carpet_area` decimal(21,9) not null default 0
2024-11-23 21:22:46,908 WARNING database DDL Query made to DB:
ALTER TABLE `tabProperty` MODIFY `security_deposit` decimal(21,9) not null default 0, MODIFY `builtup_area` decimal(21,9) not null default 0, MODIFY `carpet_area` decimal(21,9) not null default 0
2024-11-23 21:23:27,201 WARNING database DDL Query made to DB:
ALTER TABLE `tabProperty` MODIFY `security_deposit` decimal(21,9) not null default 0, MODIFY `is_group` int(1) not null default 1, MODIFY `builtup_area` decimal(21,9) not null default 0, MODIFY `carpet_area` decimal(21,9) not null default 0
2024-11-23 21:23:27,201 WARNING database DDL Query made to DB:
ALTER TABLE `tabProperty` MODIFY `security_deposit` decimal(21,9) not null default 0, MODIFY `is_group` int(1) not null default 1, MODIFY `builtup_area` decimal(21,9) not null default 0, MODIFY `carpet_area` decimal(21,9) not null default 0
2024-11-23 21:24:16,612 WARNING database DDL Query made to DB:
ALTER TABLE `tabProperty` MODIFY `builtup_area` decimal(21,9) not null default 0, MODIFY `security_deposit` decimal(21,9) not null default 0, MODIFY `carpet_area` decimal(21,9) not null default 0
2024-11-23 21:24:16,612 WARNING database DDL Query made to DB:
ALTER TABLE `tabProperty` MODIFY `builtup_area` decimal(21,9) not null default 0, MODIFY `security_deposit` decimal(21,9) not null default 0, MODIFY `carpet_area` decimal(21,9) not null default 0
2024-11-23 22:10:55,751 WARNING database DDL Query made to DB:
ALTER TABLE `tabReservation` ADD COLUMN `reserved_by` varchar(140)
2024-11-23 22:10:55,751 WARNING database DDL Query made to DB:
ALTER TABLE `tabReservation` ADD COLUMN `reserved_by` varchar(140)
